<?xml version="1.0" encoding="UTF-8"?>
<testsuites>
  <testsuite name="fastlane.lanes">
    
    
    
      
      <testcase classname="fastlane.lanes" name="0: default_platform" time="0.000652">
        
      </testcase>
    
      
      <testcase classname="fastlane.lanes" name="1: flutter packages get" time="7.620111">
        
      </testcase>
    
      
      <testcase classname="fastlane.lanes" name="2: flutter clean" time="15.710356">
        
      </testcase>
    
      
      <testcase classname="fastlane.lanes" name="3: flutter build apk" time="135.503359">
        
          <failure message="/Library/Ruby/Gems/2.6.0/gems/fastlane-2.198.1/fastlane/lib/fastlane/actions/actions_helper.rb:67:in `execute_action'&#10;/Library/Ruby/Gems/2.6.0/gems/fastlane-2.198.1/fastlane/lib/fastlane/fast_file.rb:222:in `sh'&#10;/Library/Ruby/Gems/2.6.0/gems/fastlane-2.198.1/fastlane/lib/fastlane/fast_file.rb:216:in `sh'&#10;Fastfile:38:in `block (3 levels) in parsing_binding'&#10;Fastfile:35:in `chdir'&#10;Fastfile:35:in `block (2 levels) in parsing_binding'&#10;/Library/Ruby/Gems/2.6.0/gems/fastlane-2.198.1/fastlane/lib/fastlane/lane.rb:33:in `call'&#10;/Library/Ruby/Gems/2.6.0/gems/fastlane-2.198.1/fastlane/lib/fastlane/runner.rb:49:in `block in execute'&#10;/Library/Ruby/Gems/2.6.0/gems/fastlane-2.198.1/fastlane/lib/fastlane/runner.rb:45:in `chdir'&#10;/Library/Ruby/Gems/2.6.0/gems/fastlane-2.198.1/fastlane/lib/fastlane/runner.rb:45:in `execute'&#10;/Library/Ruby/Gems/2.6.0/gems/fastlane-2.198.1/fastlane/lib/fastlane/lane_manager.rb:47:in `cruise_lane'&#10;/Library/Ruby/Gems/2.6.0/gems/fastlane-2.198.1/fastlane/lib/fastlane/command_line_handler.rb:36:in `handle'&#10;/Library/Ruby/Gems/2.6.0/gems/fastlane-2.198.1/fastlane/lib/fastlane/commands_generator.rb:109:in `block (2 levels) in run'&#10;/Library/Ruby/Gems/2.6.0/gems/commander-4.6.0/lib/commander/command.rb:187:in `call'&#10;/Library/Ruby/Gems/2.6.0/gems/commander-4.6.0/lib/commander/command.rb:157:in `run'&#10;/Library/Ruby/Gems/2.6.0/gems/commander-4.6.0/lib/commander/runner.rb:444:in `run_active_command'&#10;/Library/Ruby/Gems/2.6.0/gems/fastlane-2.198.1/fastlane_core/lib/fastlane_core/ui/fastlane_runner.rb:117:in `run!'&#10;/Library/Ruby/Gems/2.6.0/gems/commander-4.6.0/lib/commander/delegates.rb:18:in `run!'&#10;/Library/Ruby/Gems/2.6.0/gems/fastlane-2.198.1/fastlane/lib/fastlane/commands_generator.rb:353:in `run'&#10;/Library/Ruby/Gems/2.6.0/gems/fastlane-2.198.1/fastlane/lib/fastlane/commands_generator.rb:42:in `start'&#10;/Library/Ruby/Gems/2.6.0/gems/fastlane-2.198.1/fastlane/lib/fastlane/cli_tools_distributor.rb:122:in `take_off'&#10;/Library/Ruby/Gems/2.6.0/gems/fastlane-2.198.1/bin/fastlane:23:in `&lt;top (required)&gt;'&#10;/usr/local/bin/fastlane:23:in `load'&#10;/usr/local/bin/fastlane:23:in `&lt;top (required)&gt;'&#10;/System/Library/Frameworks/Ruby.framework/Versions/2.6/usr/lib/ruby/2.6.0/bundler/cli/exec.rb:74:in `load'&#10;/System/Library/Frameworks/Ruby.framework/Versions/2.6/usr/lib/ruby/2.6.0/bundler/cli/exec.rb:74:in `kernel_load'&#10;/System/Library/Frameworks/Ruby.framework/Versions/2.6/usr/lib/ruby/2.6.0/bundler/cli/exec.rb:28:in `run'&#10;/System/Library/Frameworks/Ruby.framework/Versions/2.6/usr/lib/ruby/2.6.0/bundler/cli.rb:463:in `exec'&#10;/System/Library/Frameworks/Ruby.framework/Versions/2.6/usr/lib/ruby/2.6.0/bundler/vendor/thor/lib/thor/command.rb:27:in `run'&#10;/System/Library/Frameworks/Ruby.framework/Versions/2.6/usr/lib/ruby/2.6.0/bundler/vendor/thor/lib/thor/invocation.rb:126:in `invoke_command'&#10;/System/Library/Frameworks/Ruby.framework/Versions/2.6/usr/lib/ruby/2.6.0/bundler/vendor/thor/lib/thor.rb:387:in `dispatch'&#10;/System/Library/Frameworks/Ruby.framework/Versions/2.6/usr/lib/ruby/2.6.0/bundler/cli.rb:27:in `dispatch'&#10;/System/Library/Frameworks/Ruby.framework/Versions/2.6/usr/lib/ruby/2.6.0/bundler/vendor/thor/lib/thor/base.rb:466:in `start'&#10;/System/Library/Frameworks/Ruby.framework/Versions/2.6/usr/lib/ruby/2.6.0/bundler/cli.rb:18:in `start'&#10;/Library/Ruby/Gems/2.6.0/gems/bundler-1.17.2/exe/bundle:30:in `block in &lt;top (required)&gt;'&#10;/System/Library/Frameworks/Ruby.framework/Versions/2.6/usr/lib/ruby/2.6.0/bundler/friendly_errors.rb:124:in `with_friendly_errors'&#10;/Library/Ruby/Gems/2.6.0/gems/bundler-1.17.2/exe/bundle:22:in `&lt;top (required)&gt;'&#10;/usr/bin/bundle:23:in `load'&#10;/usr/bin/bundle:23:in `&lt;main&gt;'&#10;&#10;Exit status of command 'flutter build apk' was 1 instead of 0.&#10;Running &quot;flutter pub get&quot; in mobile-front-end...                 1,825ms&#10;&#10;Building without sound null safety&#10;For more information see https://dart.dev/null-safety/unsound-null-safety&#10;&#10;Running Gradle task 'assembleRelease'...                        &#10;Note: /usr/local/Caskroom/flutter/2.5.1/flutter/.pub-cache/hosted/pub.dartlang.org/flutter_facebook_auth-3.5.3/android/src/main/java/app/meedu/flutter_facebook_auth/FacebookAuth.java uses or overrides a deprecated API.&#10;Note: Recompile with -Xlint:deprecation for details.&#10;Note: /usr/local/Caskroom/flutter/2.5.1/flutter/.pub-cache/hosted/pub.dartlang.org/geocoding-2.0.1/android/src/main/java/com/baseflow/geocoding/GeocodingPlugin.java uses or overrides a deprecated API.&#10;Note: Recompile with -Xlint:deprecation for details.&#10;Note: /usr/local/Caskroom/flutter/2.5.1/flutter/.pub-cache/hosted/pub.dartlang.org/firebase_auth-1.4.1/android/src/main/java/io/flutter/plugins/firebase/auth/FlutterFirebaseAuthPlugin.java uses or overrides a deprecated API.&#10;Note: Recompile with -Xlint:deprecation for details.&#10;/usr/local/Caskroom/flutter/2.5.1/flutter/.pub-cache/hosted/pub.dartlang.org/firebase_storage-8.1.3/android/src/main/java/io/flutter/plugins/firebase/storage/FlutterFirebaseStoragePlugin.java:38: warning: [deprecation] Registrar in PluginRegistry has been deprecated&#10;  public static void registerWith(PluginRegistry.Registrar registrar) {&#10;                                                ^&#10;1 warning&#10;Note: /usr/local/Caskroom/flutter/2.5.1/flutter/.pub-cache/hosted/pub.dartlang.org/google_sign_in-5.2.0/android/src/main/java/io/flutter/plugins/googlesignin/GoogleSignInPlugin.java uses or overrides a deprecated API.&#10;Note: Recompile with -Xlint:deprecation for details.&#10;Note: /usr/local/Caskroom/flutter/2.5.1/flutter/.pub-cache/hosted/pub.dartlang.org/cloud_firestore-2.5.4/android/src/main/java/io/flutter/plugins/firebase/firestore/streamhandler/TransactionStreamHandler.java uses unchecked or unsafe operations.&#10;Note: Recompile with -Xlint:unchecked for details.&#10;Note: /usr/local/Caskroom/flutter/2.5.1/flutter/.pub-cache/hosted/pub.dartlang.org/google_maps_flutter-2.0.11/android/src/main/java/io/flutter/plugins/googlemaps/Convert.java uses or overrides a deprecated API.&#10;Note: Recompile with -Xlint:deprecation for details.&#10;Note: /usr/local/Caskroom/flutter/2.5.1/flutter/.pub-cache/hosted/pub.dartlang.org/google_maps_flutter-2.0.11/android/src/main/java/io/flutter/plugins/googlemaps/TileProviderController.java uses unchecked or unsafe operations.&#10;Note: Recompile with -Xlint:unchecked for details.&#10;No issues found.&#10;&#10;FAILURE: Build failed with an exception.&#10;&#10;* What went wrong:&#10;Execution failed for task ':app:packageRelease'.&#10;&gt; A failure occurred while executing com.android.build.gradle.tasks.PackageAndroidArtifact$IncrementalSplitterRunnable&#10;   &gt; SigningConfig &quot;release&quot; is missing required property &quot;storeFile&quot;.&#10;&#10;* Try:&#10;&gt; Run with --stacktrace option to get the stack trace.&#10;&gt; Run with --info or --debug option to get more log output.&#10;&gt; Run with --scan to get full insights.&#10;&#10;* Get more help at https://help.gradle.org&#10;&#10;BUILD FAILED in 1m 50s&#10;Running Gradle task 'assembleRelease'...                          111.4s&#10;Gradle task assembleRelease failed with exit code 1&#10;" />
        
      </testcase>
    
  </testsuite>
</testsuites>
